-------------------------------------------------------------------------------
Test set: com.dev.alan.patterns.creational.abstractfactory.AbstractFactoryTest
-------------------------------------------------------------------------------
Tests run: 3, Failures: 1, Errors: 0, Skipped: 0, Time elapsed: 0.274 s <<< FAILURE! -- in com.dev.alan.patterns.creational.abstractfactory.AbstractFactoryTest
com.dev.alan.patterns.creational.abstractfactory.AbstractFactoryTest.testMacUI -- Time elapsed: 0.159 s <<< FAILURE!
org.opentest4j.AssertionFailedError: UI deve ser renderizada no estilo Mac ==> expected: <true> but was: <false>
	at org.junit.jupiter.api.AssertionFailureBuilder.build(AssertionFailureBuilder.java:151)
	at org.junit.jupiter.api.AssertionFailureBuilder.buildAndThrow(AssertionFailureBuilder.java:132)
	at org.junit.jupiter.api.AssertTrue.failNotTrue(AssertTrue.java:63)
	at org.junit.jupiter.api.AssertTrue.assertTrue(AssertTrue.java:36)
	at org.junit.jupiter.api.Assertions.assertTrue(Assertions.java:214)
	at com.dev.alan.patterns.creational.abstractfactory.AbstractFactoryTest.testMacUI(AbstractFactoryTest.java:29)
	at java.base/java.lang.reflect.Method.invoke(Method.java:577)
	at java.base/java.util.ArrayList.forEach(ArrayList.java:1511)
	at java.base/java.util.ArrayList.forEach(ArrayList.java:1511)

