<?xml version="1.0" encoding="UTF-8"?>
<testsuite xmlns:xsi="http://www.w3.org/2001/XMLSchema-instance" xsi:noNamespaceSchemaLocation="https://maven.apache.org/surefire/maven-surefire-plugin/xsd/surefire-test-report-3.0.xsd" version="3.0" name="com.dev.alan.patterns.creational.abstractfactory.AbstractFactoryTest" time="0.274" tests="3" errors="0" skipped="0" failures="1">
  <properties>
[...]
</properties>
  <testcase name="testMacUI" classname="com.dev.alan.patterns.creational.abstractfactory.AbstractFactoryTest" time="0.159">
    <failure message="UI deve ser renderizada no estilo Mac ==&gt; expected: &lt;true&gt; but was: &lt;false&gt;" type="org.opentest4j.AssertionFailedError"><![CDATA[org.opentest4j.AssertionFailedError: UI deve ser renderizada no estilo Mac ==> expected: <true> but was: <false>
	at org.junit.jupiter.api.AssertionFailureBuilder.build(AssertionFailureBuilder.java:151)
	at org.junit.jupiter.api.AssertionFailureBuilder.buildAndThrow(AssertionFailureBuilder.java:132)
	at org.junit.jupiter.api.AssertTrue.failNotTrue(AssertTrue.java:63)
	at org.junit.jupiter.api.AssertTrue.assertTrue(AssertTrue.java:36)
	at org.junit.jupiter.api.Assertions.assertTrue(Assertions.java:214)
	at com.dev.alan.patterns.creational.abstractfactory.AbstractFactoryTest.testMacUI(AbstractFactoryTest.java:29)
	at java.base/java.lang.reflect.Method.invoke(Method.java:577)
	at java.base/java.util.ArrayList.forEach(ArrayList.java:1511)
	at java.base/java.util.ArrayList.forEach(ArrayList.java:1511)
]]></failure>
    <system-out><![CDATA[desenho button estilo MAC
desenho check estilo MAC
]]></system-out>
  </testcase>
  <testcase name="testWindowsUI" classname="com.dev.alan.patterns.creational.abstractfactory.AbstractFactoryTest" time="0.047">
    <system-out><![CDATA[desenho button estilo win
desenho check estilo win
]]></system-out>
  </testcase>
  <testcase name="TestSimplesMac" classname="com.dev.alan.patterns.creational.abstractfactory.AbstractFactoryTest" time="0.006">
    <system-out><![CDATA[desenho button estilo MAC
desenho check estilo MAC
desenho button estilo win
desenho check estilo win
]]></system-out>
  </testcase>
</testsuite>